nohup: ignoring input
[I 2025-03-12 18:04:39,376] A new study created in memory with name: no-name-02a28045-68d8-447a-9d49-3fb9677dd030
Starting simulated annealing...
Starting simulated annealing...
Starting simulated annealing...
Starting simulated annealing...
Starting simulated annealing...
Starting simulated annealing...
Starting simulated annealing...
Starting simulated annealing...
Starting simulated annealing...
Starting simulated annealing...
Starting simulated annealing...
Starting simulated annealing...
Starting simulated annealing...
Starting simulated annealing...
Starting simulated annealing...
Starting simulated annealing...
Starting simulated annealing...
Starting simulated annealing...
Starting simulated annealing...
Starting simulated annealing...
Starting simulated annealing...Starting simulated annealing...

Starting simulated annealing...
Starting simulated annealing...
Starting simulated annealing...Starting simulated annealing...

Starting simulated annealing...
Starting simulated annealing...
Starting simulated annealing...
Starting simulated annealing...
Starting simulated annealing...Starting simulated annealing...

Starting simulated annealing...
Starting simulated annealing...
Starting simulated annealing...
Starting simulated annealing...
Starting simulated annealing...
Starting simulated annealing...
Starting simulated annealing...Starting simulated annealing...

Starting simulated annealing...Starting simulated annealing...

Starting simulated annealing...
Starting simulated annealing...Starting simulated annealing...

Starting simulated annealing...
Starting simulated annealing...
Starting simulated annealing...
Starting simulated annealing...
Starting simulated annealing...
Starting simulated annealing...
Starting simulated annealing...
Starting simulated annealing...
Starting simulated annealing...Starting simulated annealing...

Starting simulated annealing...
Starting simulated annealing...
Starting simulated annealing...
Starting simulated annealing...Starting simulated annealing...

Starting simulated annealing...
Starting simulated annealing...
Starting simulated annealing...
Starting simulated annealing...
Starting simulated annealing...
Starting simulated annealing...
Starting simulated annealing...Starting simulated annealing...

Starting simulated annealing...
Starting simulated annealing...
Starting simulated annealing...
Starting simulated annealing...
Starting simulated annealing...
Starting simulated annealing...
Starting simulated annealing...Starting simulated annealing...

Starting simulated annealing...Starting simulated annealing...
Starting simulated annealing...

Starting simulated annealing...
Starting simulated annealing...
Starting simulated annealing...
Starting simulated annealing...
Starting simulated annealing...Starting simulated annealing...

Starting simulated annealing...
Starting simulated annealing...Starting simulated annealing...

Starting simulated annealing...
Starting simulated annealing...
Starting simulated annealing...Starting simulated annealing...

Starting simulated annealing...
Starting simulated annealing...
Starting simulated annealing...
Starting simulated annealing...
Trial 71 completed
Final loss: 511428.63447725936
Final temperature: 0.0009995013142473483
Number of iterations: 16920
Simulated annealing completed
[I 2025-03-12 18:49:05,531] Trial 71 finished with value: 434.0 and parameters: {'initial_temp': 165.70809997238018, 'cooling_rate': 0.9990982538454412, 'max_iter': 595500000, 'weight': 52.51060848959714, 'community': 54.52949296647949, 'diversity': 8.508899536774456, 'depth': 77.55665477219921, 'shortcut': 6333.370612540268, 'resolution': 3.900484311078162}. Best is trial 71 with value: 434.0.
Starting simulated annealing...
Trial 41 completed
Final loss: 250969.10032055248
Final temperature: 0.000999092133919364
Number of iterations: 16258
Simulated annealing completed
[I 2025-03-12 18:49:33,145] Trial 41 finished with value: 436.0 and parameters: {'initial_temp': 268.5369626936075, 'cooling_rate': 0.9990062478666704, 'max_iter': 115300000, 'weight': 48.066440183930126, 'community': 1.389692856776751, 'diversity': 33.73411717332521, 'depth': 30.971428748701843, 'shortcut': 5948.244644099642, 'resolution': 1.5296582079342163}. Best is trial 41 with value: 436.0.
Starting simulated annealing...
Trial 31 completed
Final loss: 421961.6659962638
Final temperature: 0.0009998297771560746
Number of iterations: 19262
Simulated annealing completed
[I 2025-03-12 18:50:53,415] Trial 31 finished with value: 439.0 and parameters: {'initial_temp': 996.8888751160363, 'cooling_rate': 0.999103424125662, 'max_iter': 451500000, 'weight': 98.50017996524228, 'community': 6.657920540146357, 'diversity': 72.74104877947845, 'depth': 59.44476841308668, 'shortcut': 9101.557275341293, 'resolution': 0.48669088771971947}. Best is trial 31 with value: 439.0.
Starting simulated annealing...
Trial 11 completed
Final loss: 123237.47637080631
Final temperature: 0.0009998394770489513
Number of iterations: 18479
Simulated annealing completed
[I 2025-03-12 18:51:15,232] Trial 11 finished with value: 441.0 and parameters: {'initial_temp': 448.5343380995216, 'cooling_rate': 0.9991090340600745, 'max_iter': 159100000, 'weight': 76.25266177598127, 'community': 77.14031138887543, 'diversity': 27.804383554004104, 'depth': 7.133188518057026, 'shortcut': 1265.890862701824, 'resolution': 3.1877658993523768}. Best is trial 11 with value: 441.0.
Starting simulated annealing...
Trial 49 completed
Final loss: 365852.96589477186
Final temperature: 0.0009992489306697965
Number of iterations: 19331
Simulated annealing completed
[I 2025-03-12 18:55:00,315] Trial 49 finished with value: 439.0 and parameters: {'initial_temp': 349.0334218103377, 'cooling_rate': 0.999190552730949, 'max_iter': 697000000, 'weight': 87.23693882834093, 'community': 1.3798993316581858, 'diversity': 15.911894388660354, 'depth': 56.20933436175237, 'shortcut': 6330.282328582241, 'resolution': 4.250931171516331}. Best is trial 11 with value: 441.0.
Trial 55 completed
Final loss: 148466.11688362554
Final temperature: 0.0009994812107333522
Number of iterations: 18736
Simulated annealing completed
[I 2025-03-12 18:55:28,131] Trial 55 finished with value: 440.0 and parameters: {'initial_temp': 466.8837340883236, 'cooling_rate': 0.9991345291126184, 'max_iter': 730500000, 'weight': 3.3776012430468363, 'community': 36.843742894570006, 'diversity': 89.3714608373169, 'depth': 10.37908592133674, 'shortcut': 5609.727847568266, 'resolution': 1.4718678768889497}. Best is trial 11 with value: 441.0.
Trial 36 completed
Final loss: 524151.393631274
Final temperature: 0.0009997953473583924
Number of iterations: 18063
Simulated annealing completed
[I 2025-03-12 18:55:49,333] Trial 36 finished with value: 437.0 and parameters: {'initial_temp': 494.2591518643871, 'cooling_rate': 0.999057951020806, 'max_iter': 902900000, 'weight': 14.561187591670755, 'community': 59.61759486891779, 'diversity': 79.52373933190539, 'depth': 75.24200982642353, 'shortcut': 9049.797580669578, 'resolution': 4.652327179511875}. Best is trial 11 with value: 441.0.
[I 2025-03-12 19:00:38,575] Trial 21 pruned. 
Trial 14 completed
Final loss: 39749.993822739976
Final temperature: 0.0009998973285869166
Number of iterations: 23149
Simulated annealing completed
[I 2025-03-12 19:00:41,813] Trial 14 finished with value: 442.0 and parameters: {'initial_temp': 457.9775284943142, 'cooling_rate': 0.9993163577105071, 'max_iter': 888800000, 'weight': 61.636380364496986, 'community': 46.17378187943228, 'diversity': 77.14209930980533, 'depth': 1.955766973686177, 'shortcut': 3899.3985323922248, 'resolution': 0.7088544303656741}. Best is trial 14 with value: 442.0.
Trial 87 completed
Final loss: 422791.71584724763
Final temperature: 0.0009992469340475013
Number of iterations: 17132
Simulated annealing completed
[I 2025-03-12 19:00:51,764] Trial 87 finished with value: 438.0 and parameters: {'initial_temp': 233.72888760289325, 'cooling_rate': 0.9990506452624877, 'max_iter': 315700000, 'weight': 41.06873164170123, 'community': 57.431813534352514, 'diversity': 55.04848841992633, 'depth': 52.30483717542223, 'shortcut': 8274.288119040884, 'resolution': 0.6353867478822957}. Best is trial 14 with value: 442.0.
Trial 32 completed
Final loss: 224648.8496563163
Final temperature: 0.0009999928547544624
Number of iterations: 22833
Simulated annealing completed
[I 2025-03-12 19:03:31,868] Trial 32 finished with value: 440.0 and parameters: {'initial_temp': 131.91909286821968, 'cooling_rate': 0.9993604893692574, 'max_iter': 322100000, 'weight': 59.343013812152485, 'community': 86.80426408962677, 'diversity': 87.79074177593759, 'depth': 13.907760192323178, 'shortcut': 8931.824923209393, 'resolution': 3.187255682697886}. Best is trial 14 with value: 442.0.
Trial 25 completed
Final loss: 56929.234576848794
Final temperature: 0.0009996284270363143
Number of iterations: 23925
Simulated annealing completed
[I 2025-03-12 19:03:42,910] Trial 25 finished with value: 441.0 and parameters: {'initial_temp': 469.75367769904074, 'cooling_rate': 0.9993330959846229, 'max_iter': 71200000, 'weight': 64.9254647798565, 'community': 31.073830778043217, 'diversity': 40.818331314069354, 'depth': 4.264487402297716, 'shortcut': 6146.519553646161, 'resolution': 0.3768253566445904}. Best is trial 14 with value: 442.0.
Trial 80 completed
Final loss: 587910.6139314296
Final temperature: 0.0009991551489397243
Number of iterations: 19361
Simulated annealing completed
[I 2025-03-12 19:04:07,762] Trial 80 finished with value: 437.0 and parameters: {'initial_temp': 970.7835422054995, 'cooling_rate': 0.9990956510649406, 'max_iter': 496200000, 'weight': 84.37265062812378, 'community': 45.7950845385572, 'diversity': 76.14567040323533, 'depth': 78.09969990544303, 'shortcut': 9270.906326411003, 'resolution': 2.0229615903695457}. Best is trial 14 with value: 442.0.
Trial 9 completed
Final loss: 224417.14626162557
Final temperature: 0.000999428685037254
Number of iterations: 19924
Simulated annealing completed
[I 2025-03-12 19:06:20,904] Trial 9 finished with value: 436.0 and parameters: {'initial_temp': 160.24720641805146, 'cooling_rate': 0.9992314812711178, 'max_iter': 978500000, 'weight': 73.69737745137071, 'community': 90.3976212439145, 'diversity': 6.798050956842208, 'depth': 23.491491843628218, 'shortcut': 5520.949054728876, 'resolution': 0.13083146898141765}. Best is trial 14 with value: 442.0.
Trial 39 completed
Final loss: 240401.86757257412
Final temperature: 0.0009991841240088717
Number of iterations: 19211
Simulated annealing completed
[I 2025-03-12 19:07:51,879] Trial 39 finished with value: 437.0 and parameters: {'initial_temp': 407.891721503891, 'cooling_rate': 0.9991209058103869, 'max_iter': 388800000, 'weight': 93.7597340046828, 'community': 54.19252669665172, 'diversity': 59.13434168059982, 'depth': 42.156587318903576, 'shortcut': 3174.0883295632816, 'resolution': 1.8605758119608284}. Best is trial 14 with value: 442.0.
Trial 84 completed
Final loss: 139357.54504048615
Final temperature: 0.0009995265170050492
Number of iterations: 22555
Simulated annealing completed
[I 2025-03-12 19:07:58,042] Trial 84 finished with value: 439.0 and parameters: {'initial_temp': 389.8471037910438, 'cooling_rate': 0.9992967126122266, 'max_iter': 584300000, 'weight': 73.38829673127375, 'community': 95.31597692303951, 'diversity': 48.273837682448544, 'depth': 5.181531451066888, 'shortcut': 2424.5198550702235, 'resolution': 3.04391178630912}. Best is trial 14 with value: 442.0.
Trial 54 completed
Final loss: 269817.81264792715
Final temperature: 0.000999442568046033
Number of iterations: 19433
Simulated annealing completed
[I 2025-03-12 19:09:58,102] Trial 54 finished with value: 437.0 and parameters: {'initial_temp': 324.04973864350643, 'cooling_rate': 0.9991274303130645, 'max_iter': 245600000, 'weight': 25.020935253006712, 'community': 15.774007882193356, 'diversity': 90.32989402693534, 'depth': 34.71136347959508, 'shortcut': 5036.29692962845, 'resolution': 2.5434985302026774}. Best is trial 14 with value: 442.0.
Trial 23 completed
Final loss: 317422.8103655244
Final temperature: 0.0009992250461257545
Number of iterations: 20213
Simulated annealing completed
[I 2025-03-12 19:10:00,322] Trial 23 finished with value: 434.0 and parameters: {'initial_temp': 849.8244304845475, 'cooling_rate': 0.9991074837231114, 'max_iter': 131300000, 'weight': 40.45157830585316, 'community': 33.84375411007991, 'diversity': 15.394643592007878, 'depth': 45.54803531793138, 'shortcut': 4088.7619179607445, 'resolution': 2.864080947321668}. Best is trial 14 with value: 442.0.
[I 2025-03-12 19:10:48,947] Trial 94 pruned. 
Trial 24 completed
Final loss: 429144.1820943338
Final temperature: 0.0009997939117308847
Number of iterations: 24209
Simulated annealing completed
[I 2025-03-12 19:14:44,337] Trial 24 finished with value: 434.0 and parameters: {'initial_temp': 983.970164841543, 'cooling_rate': 0.9992921453023509, 'max_iter': 257200000, 'weight': 58.071479361666015, 'community': 56.26830923083736, 'diversity': 95.15565342762967, 'depth': 87.57292303198614, 'shortcut': 4573.803762076672, 'resolution': 1.5568682055608187}. Best is trial 14 with value: 442.0.
Trial 42 completed
Final loss: 165805.31645460887
Final temperature: 0.0009996409084387912
Number of iterations: 26869
Simulated annealing completed
[I 2025-03-12 19:20:11,197] Trial 42 finished with value: 440.0 and parameters: {'initial_temp': 183.1993900569785, 'cooling_rate': 0.9994430508666523, 'max_iter': 918100000, 'weight': 23.274670516966275, 'community': 90.85056229710011, 'diversity': 34.81171700089734, 'depth': 12.136227793336628, 'shortcut': 9062.089805023568, 'resolution': 0.4910483986229689}. Best is trial 14 with value: 442.0.
Trial 52 completed
Final loss: 147282.10376675843
Final temperature: 0.0009993164135855058
Number of iterations: 25422
Simulated annealing completed
[I 2025-03-12 19:23:00,549] Trial 52 finished with value: 441.0 and parameters: {'initial_temp': 975.0173983912881, 'cooling_rate': 0.9993145984029088, 'max_iter': 214500000, 'weight': 74.33684418292344, 'community': 31.53902749998695, 'diversity': 91.95011591156047, 'depth': 10.582424299376086, 'shortcut': 5074.1831492953115, 'resolution': 1.4012728969597827}. Best is trial 14 with value: 442.0.
Trial 48 completed
Final loss: 356436.9752337617
Final temperature: 0.000999273510988127
Number of iterations: 19933
Simulated annealing completed
[I 2025-03-12 19:24:30,176] Trial 48 finished with value: 438.0 and parameters: {'initial_temp': 308.9618638321109, 'cooling_rate': 0.9991506700742031, 'max_iter': 376900000, 'weight': 83.00073044521218, 'community': 96.90028190020739, 'diversity': 80.833311222628, 'depth': 28.800689430315934, 'shortcut': 8288.961449327155, 'resolution': 3.585243274166744}. Best is trial 14 with value: 442.0.
Trial 81 completed
Final loss: 423769.71969388187
Final temperature: 0.0009999510713780157
Number of iterations: 20704
Simulated annealing completed
[I 2025-03-12 19:25:15,988] Trial 81 finished with value: 437.0 and parameters: {'initial_temp': 671.1495750550185, 'cooling_rate': 0.9991264372606594, 'max_iter': 405600000, 'weight': 84.44620674207127, 'community': 76.91954755936159, 'diversity': 85.89328629740895, 'depth': 56.12843988582763, 'shortcut': 5495.562745889785, 'resolution': 1.5769591576331756}. Best is trial 14 with value: 442.0.
Trial 47 completed
Final loss: 208432.61038988002
Final temperature: 0.0009998233161282381
Number of iterations: 24733
Simulated annealing completed
[I 2025-03-12 19:25:19,162] Trial 47 finished with value: 439.0 and parameters: {'initial_temp': 872.4357886711615, 'cooling_rate': 0.9992980997972808, 'max_iter': 534200000, 'weight': 54.37811230278601, 'community': 85.01885084797969, 'diversity': 9.561307973037684, 'depth': 21.58789835970867, 'shortcut': 3755.9566994300017, 'resolution': 3.609473072470993}. Best is trial 14 with value: 442.0.
Trial 5 completed
Final loss: 331827.33196082024
Final temperature: 0.000999912182384788
Number of iterations: 21976
Simulated annealing completed
[I 2025-03-12 19:28:55,804] Trial 5 finished with value: 436.0 and parameters: {'initial_temp': 274.44185970969016, 'cooling_rate': 0.9992289174607882, 'max_iter': 725600000, 'weight': 91.67707023332898, 'community': 82.46103371032999, 'diversity': 20.337751578923893, 'depth': 56.649604363584906, 'shortcut': 3116.8967619745836, 'resolution': 0.809684711425566}. Best is trial 14 with value: 442.0.
Trial 70 completed
Final loss: 454050.2162678605
Final temperature: 0.000999443483661069
Number of iterations: 26947
Simulated annealing completed
[I 2025-03-12 19:29:28,656] Trial 70 finished with value: 439.0 and parameters: {'initial_temp': 739.9808800512558, 'cooling_rate': 0.9993651608899906, 'max_iter': 984500000, 'weight': 76.44799171326582, 'community': 94.14481715968697, 'diversity': 95.30030665103396, 'depth': 48.63525586219238, 'shortcut': 7105.793345265125, 'resolution': 4.197687818409659}. Best is trial 14 with value: 442.0.
Trial 60 completed
Final loss: 136414.8477892793
Final temperature: 0.00099961734124018
Number of iterations: 28411
Simulated annealing completed
[I 2025-03-12 19:31:24,525] Trial 60 finished with value: 438.0 and parameters: {'initial_temp': 465.70498132749947, 'cooling_rate': 0.9994139478306708, 'max_iter': 274400000, 'weight': 41.0010600107723, 'community': 23.969644671897584, 'diversity': 73.46034582667386, 'depth': 20.58038556458478, 'shortcut': 1857.8859460344988, 'resolution': 4.581987375774795}. Best is trial 14 with value: 442.0.
Trial 13 completed
Final loss: 419407.88197578513
Final temperature: 0.0009994965836371275
Number of iterations: 25061
Simulated annealing completed
[I 2025-03-12 19:32:23,183] Trial 13 finished with value: 437.0 and parameters: {'initial_temp': 323.93828650072976, 'cooling_rate': 0.9993323556204253, 'max_iter': 356500000, 'weight': 19.21774562536297, 'community': 39.873992306894415, 'diversity': 72.92719597667133, 'depth': 57.63854863913181, 'shortcut': 6988.353606909515, 'resolution': 1.4136009038061568}. Best is trial 14 with value: 442.0.
Trial 75 completed
Final loss: 515918.56434091605
Final temperature: 0.0009993428281991328
Number of iterations: 21490
Simulated annealing completed
[I 2025-03-12 19:33:45,202] Trial 75 finished with value: 437.0 and parameters: {'initial_temp': 232.06507145549878, 'cooling_rate': 0.9992416807756473, 'max_iter': 568800000, 'weight': 5.8985356393326365, 'community': 83.25354095213518, 'diversity': 1.645756969235033, 'depth': 65.51689565020973, 'shortcut': 6752.395617060329, 'resolution': 1.322944406687655}. Best is trial 14 with value: 442.0.
Trial 37 completed
Final loss: 583351.1300687231
Final temperature: 0.0009998382968284167
Number of iterations: 18836
Simulated annealing completed
[I 2025-03-12 19:38:38,970] Trial 37 finished with value: 433.0 and parameters: {'initial_temp': 742.7806411217159, 'cooling_rate': 0.9990679439285259, 'max_iter': 51900000, 'weight': 57.37575415019629, 'community': 95.61109209550399, 'diversity': 45.21263466890136, 'depth': 95.09141315843293, 'shortcut': 5211.452874013988, 'resolution': 2.5151523877334077}. Best is trial 14 with value: 442.0.
Trial 68 completed
Final loss: 199430.83331209206
Final temperature: 0.0009992174854227107
Number of iterations: 18204
Simulated annealing completed
[I 2025-03-12 19:38:59,315] Trial 68 finished with value: 431.0 and parameters: {'initial_temp': 177.4121412956586, 'cooling_rate': 0.9991130128256505, 'max_iter': 181200000, 'weight': 2.683579790046977, 'community': 5.075088499294653, 'diversity': 56.96492209744742, 'depth': 72.07042574614917, 'shortcut': 914.5828853608822, 'resolution': 1.9939211974840876}. Best is trial 14 with value: 442.0.
Trial 18 completed
Final loss: 62824.47244545795
Final temperature: 0.0009995977363133936
Number of iterations: 31225
Simulated annealing completed
[I 2025-03-12 19:40:50,344] Trial 18 finished with value: 439.0 and parameters: {'initial_temp': 269.06954970893975, 'cooling_rate': 0.9995011569674148, 'max_iter': 658000000, 'weight': 47.33555548868833, 'community': 32.45857679955938, 'diversity': 72.2362685607586, 'depth': 2.8656390554751487, 'shortcut': 1157.8893649331606, 'resolution': 3.355178164351108}. Best is trial 14 with value: 442.0.
Trial 19 completed
Final loss: 54592.20509765393
Final temperature: 0.000999795297632029
Number of iterations: 36888
Simulated annealing completed
[I 2025-03-12 19:43:35,736] Trial 19 finished with value: 441.0 and parameters: {'initial_temp': 409.3357351331485, 'cooling_rate': 0.999573929276594, 'max_iter': 242100000, 'weight': 24.177355673670657, 'community': 38.378303644196784, 'diversity': 3.043128019894951, 'depth': 4.163542062679468, 'shortcut': 7769.821604159316, 'resolution': 0.5996363442483406}. Best is trial 14 with value: 442.0.
Trial 0 completed
Final loss: 666600.5995310433
Final temperature: 0.000999892333304682
Number of iterations: 31132
Simulated annealing completed
[I 2025-03-12 19:47:39,734] Trial 0 finished with value: 434.0 and parameters: {'initial_temp': 604.4672565224918, 'cooling_rate': 0.9994525251523693, 'max_iter': 381600000, 'weight': 30.92388346985249, 'community': 74.7890029823544, 'diversity': 43.985749153297284, 'depth': 90.30084656733202, 'shortcut': 8883.694686368543, 'resolution': 2.076476927141206}. Best is trial 14 with value: 442.0.
Trial 43 completed
Final loss: 469921.6323214179
Final temperature: 0.0009999338556132727
Number of iterations: 32936
Simulated annealing completed
