[I 2025-03-12 19:50:45,435] Trial 43 finished with value: 438.0 and parameters: {'initial_temp': 628.0706845979297, 'cooling_rate': 0.9994814680451498, 'max_iter': 949900000, 'weight': 16.54594361439334, 'community': 44.722705737705496, 'diversity': 26.084827698942522, 'depth': 44.45920437140225, 'shortcut': 9855.918942091703, 'resolution': 4.246842741937108}. Best is trial 14 with value: 442.0.
Trial 29 completed
Final loss: 537302.8706627802
Final temperature: 0.000999667527286068
Number of iterations: 25851
Simulated annealing completed
[I 2025-03-12 19:50:51,239] Trial 29 finished with value: 437.0 and parameters: {'initial_temp': 173.093462536323, 'cooling_rate': 0.9993597038291839, 'max_iter': 998700000, 'weight': 53.271511592242675, 'community': 96.85281542414704, 'diversity': 58.41726666293447, 'depth': 90.88720599790706, 'shortcut': 7181.140607143929, 'resolution': 0.9745475759112308}. Best is trial 14 with value: 442.0.
Trial 83 completed
Final loss: 385018.03870377166
Final temperature: 0.00099933904652101
Number of iterations: 25356
Simulated annealing completed
[I 2025-03-12 20:00:18,671] Trial 83 finished with value: 434.0 and parameters: {'initial_temp': 509.62714205874596, 'cooling_rate': 0.9993131035413115, 'max_iter': 669900000, 'weight': 58.294227949493404, 'community': 35.40938864536366, 'diversity': 67.07722291327549, 'depth': 93.91012103224863, 'shortcut': 2919.8810156282843, 'resolution': 4.474881767447479}. Best is trial 14 with value: 442.0.
Trial 46 completed
Final loss: 237015.71741932188
Final temperature: 0.0009995635792417654
Number of iterations: 31401
Simulated annealing completed
[I 2025-03-12 20:02:54,045] Trial 46 finished with value: 433.0 and parameters: {'initial_temp': 526.9915499002128, 'cooling_rate': 0.9994568106881426, 'max_iter': 431800000, 'weight': 68.08920561744728, 'community': 43.400740495006126, 'diversity': 43.91146497672134, 'depth': 39.01639973202398, 'shortcut': 3079.4640369835283, 'resolution': 0.1000488019019639}. Best is trial 14 with value: 442.0.
Trial 26 completed
Final loss: 341581.6155694597
Final temperature: 0.0009995318283669565
Number of iterations: 25267
Simulated annealing completed
[I 2025-03-12 20:03:33,978] Trial 26 finished with value: 428.0 and parameters: {'initial_temp': 733.6880772950728, 'cooling_rate': 0.9992749752582808, 'max_iter': 601000000, 'weight': 72.99975553885203, 'community': 38.24280710099399, 'diversity': 70.757519870657, 'depth': 70.96548974894756, 'shortcut': 2209.058297103571, 'resolution': 4.917728298413039}. Best is trial 14 with value: 442.0.
Trial 27 completed
Final loss: 241016.51690626633
Final temperature: 0.00099955782176174
Number of iterations: 27808
Simulated annealing completed
[I 2025-03-12 20:04:20,346] Trial 27 finished with value: 434.0 and parameters: {'initial_temp': 669.2117704804923, 'cooling_rate': 0.9993733307860233, 'max_iter': 60900000, 'weight': 37.181505923484316, 'community': 18.512664550616133, 'diversity': 23.040504363414698, 'depth': 60.916808433745715, 'shortcut': 2260.376173047931, 'resolution': 2.4523201148161826}. Best is trial 14 with value: 442.0.
Trial 97 completed
Final loss: 440950.01516541344
Final temperature: 0.0009992655462327323
Number of iterations: 22255
Simulated annealing completed
[I 2025-03-12 20:05:51,411] Trial 97 finished with value: 440.0 and parameters: {'initial_temp': 769.6259871187766, 'cooling_rate': 0.9992441553322322, 'max_iter': 235200000, 'weight': 13.851996876913761, 'community': 80.56008885366562, 'diversity': 87.91492811580545, 'depth': 50.213314026199185, 'shortcut': 5716.422320995743, 'resolution': 2.2980564128622714}. Best is trial 14 with value: 442.0.
Trial 64 completed
Final loss: 306376.8295476214
Final temperature: 0.0009996782048024315
Number of iterations: 40633
Simulated annealing completed
[I 2025-03-12 20:06:04,072] Trial 64 finished with value: 441.0 and parameters: {'initial_temp': 432.5427849391792, 'cooling_rate': 0.9995993961305241, 'max_iter': 538700000, 'weight': 34.50542146178699, 'community': 88.83833276731781, 'diversity': 69.96950291069935, 'depth': 20.10752191121187, 'shortcut': 8870.141231644311, 'resolution': 4.514445324147193}. Best is trial 14 with value: 442.0.
Trial 89 completed
Final loss: 213537.35582476907
Final temperature: 0.0009999167874364641
Number of iterations: 23197
Simulated annealing completed
[I 2025-03-12 20:06:05,794] Trial 89 finished with value: 429.0 and parameters: {'initial_temp': 425.2781791224583, 'cooling_rate': 0.9992253774851243, 'max_iter': 87300000, 'weight': 64.31021716744735, 'community': 37.79181675358156, 'diversity': 58.827462913829514, 'depth': 47.457766868083915, 'shortcut': 1346.6572837062376, 'resolution': 1.837310451345859}. Best is trial 14 with value: 442.0.
Trial 93 completed
Final loss: 596958.3676714617
Final temperature: 0.0009997648630230224
Number of iterations: 31129
Simulated annealing completed
[I 2025-03-12 20:06:15,359] Trial 93 finished with value: 434.0 and parameters: {'initial_temp': 518.1518794607555, 'cooling_rate': 0.9994433801704075, 'max_iter': 976600000, 'weight': 59.213384374860176, 'community': 88.82069070777189, 'diversity': 76.58305728192772, 'depth': 93.33421098743239, 'shortcut': 8761.846010374338, 'resolution': 4.6012914522302975}. Best is trial 14 with value: 442.0.
Trial 15 completed
Final loss: 537745.0181464053
Final temperature: 0.0009995740786531368
Number of iterations: 35058
Simulated annealing completed
[I 2025-03-12 20:08:09,892] Trial 15 finished with value: 438.0 and parameters: {'initial_temp': 208.58209288575262, 'cooling_rate': 0.9995527964433413, 'max_iter': 56100000, 'weight': 6.038691025730506, 'community': 21.291885258506888, 'diversity': 85.62024014996868, 'depth': 90.46491119463316, 'shortcut': 7412.588061412329, 'resolution': 4.244874278725657}. Best is trial 14 with value: 442.0.
Trial 98 completed
Final loss: 343660.093636008
Final temperature: 0.000999839815883854
Number of iterations: 18001
Simulated annealing completed
[I 2025-03-12 20:08:45,569] Trial 98 finished with value: 439.0 and parameters: {'initial_temp': 985.8801994052715, 'cooling_rate': 0.9990100740590555, 'max_iter': 977200000, 'weight': 23.45024524286999, 'community': 21.70153652126078, 'diversity': 2.439066256540362, 'depth': 77.18631412240454, 'shortcut': 2696.0526643222574, 'resolution': 2.4500744642893046}. Best is trial 14 with value: 442.0.
Trial 57 completed
Final loss: 217000.80596124317
Final temperature: 0.000999827718958276
Number of iterations: 41648
Simulated annealing completed
[I 2025-03-12 20:09:46,628] Trial 57 finished with value: 438.0 and parameters: {'initial_temp': 846.3113007704321, 'cooling_rate': 0.9995842556308377, 'max_iter': 743300000, 'weight': 37.410033348642436, 'community': 16.21342164392322, 'diversity': 61.02273985481467, 'depth': 18.484126537610667, 'shortcut': 7944.163334623128, 'resolution': 0.5008404224044644}. Best is trial 14 with value: 442.0.
Trial 88 completed
Final loss: 510564.20055694995
Final temperature: 0.0009999563581129418
Number of iterations: 28742
Simulated annealing completed
[I 2025-03-12 20:10:40,068] Trial 88 finished with value: 437.0 and parameters: {'initial_temp': 736.5272705582087, 'cooling_rate': 0.9993566406770256, 'max_iter': 435000000, 'weight': 67.10063582449098, 'community': 14.794945912069283, 'diversity': 53.63108741050942, 'depth': 86.39484846754789, 'shortcut': 8036.363701095611, 'resolution': 3.6185960051964616}. Best is trial 14 with value: 442.0.
Trial 62 completed
Final loss: 469732.4762225853
Final temperature: 0.0009999780365932231
Number of iterations: 33615
Simulated annealing completed
[I 2025-03-12 20:11:08,658] Trial 62 finished with value: 435.0 and parameters: {'initial_temp': 927.9053738125568, 'cooling_rate': 0.999457850583805, 'max_iter': 143000000, 'weight': 43.45718503186442, 'community': 24.552808273571245, 'diversity': 37.091828869334556, 'depth': 77.28466346822731, 'shortcut': 6627.7739259145055, 'resolution': 1.3022244303240715}. Best is trial 14 with value: 442.0.
Trial 72 completed
Final loss: 173214.06370415725
Final temperature: 0.0009999811351575788
Number of iterations: 42577
Simulated annealing completed
[I 2025-03-12 20:11:37,279] Trial 72 finished with value: 440.0 and parameters: {'initial_temp': 447.49058090445203, 'cooling_rate': 0.9996179907138221, 'max_iter': 758000000, 'weight': 31.856508964104222, 'community': 93.77646681951622, 'diversity': 68.39830209942453, 'depth': 12.739112534678297, 'shortcut': 3704.932423858647, 'resolution': 2.33729645171549}. Best is trial 14 with value: 442.0.
Trial 66 completed
Final loss: 606775.011064793
Final temperature: 0.0009996583203042595
Number of iterations: 37416
Simulated annealing completed
[I 2025-03-12 20:12:08,102] Trial 66 finished with value: 439.0 and parameters: {'initial_temp': 791.5179790920902, 'cooling_rate': 0.9995371248305145, 'max_iter': 741300000, 'weight': 33.323580658445906, 'community': 37.32694332669573, 'diversity': 69.30101952562579, 'depth': 86.60065097813296, 'shortcut': 9639.930763267923, 'resolution': 4.265454503688527}. Best is trial 14 with value: 442.0.
Trial 38 completed
Final loss: 136013.96112287472
Final temperature: 0.0009997067530870005
Number of iterations: 37766
Simulated annealing completed
[I 2025-03-12 20:12:21,421] Trial 38 finished with value: 437.0 and parameters: {'initial_temp': 844.3045437243906, 'cooling_rate': 0.9995401454759152, 'max_iter': 390800000, 'weight': 92.0446105756781, 'community': 14.869084806477286, 'diversity': 85.186745939466, 'depth': 10.575702441972302, 'shortcut': 2030.3621273834697, 'resolution': 4.2767499603263515}. Best is trial 14 with value: 442.0.
Trial 35 completed
Final loss: 195726.93310337627
Final temperature: 0.0009999221329207257
Number of iterations: 35909
Simulated annealing completed
[I 2025-03-12 20:14:51,900] Trial 35 finished with value: 440.0 and parameters: {'initial_temp': 548.4735087991576, 'cooling_rate': 0.9995175363715308, 'max_iter': 265100000, 'weight': 92.73344508820928, 'community': 23.920386558604843, 'diversity': 20.116631332134215, 'depth': 22.15101838219022, 'shortcut': 3235.2344189800506, 'resolution': 2.2466490952946043}. Best is trial 14 with value: 442.0.
Trial 78 completed
Final loss: 333532.2654397847
Final temperature: 0.0009998135062477154
Number of iterations: 33435
Simulated annealing completed
[I 2025-03-12 20:16:15,347] Trial 78 finished with value: 431.0 and parameters: {'initial_temp': 556.8360943674265, 'cooling_rate': 0.9994580361708911, 'max_iter': 646900000, 'weight': 35.931276744016216, 'community': 81.14090378545457, 'diversity': 77.82909146364683, 'depth': 64.79481488488216, 'shortcut': 2096.0372066512305, 'resolution': 3.9116010930456278}. Best is trial 14 with value: 442.0.
Trial 16 completed
Final loss: 408015.6102084246
Final temperature: 0.0009999662681437988
Number of iterations: 38932
Simulated annealing completed
[I 2025-03-12 20:16:52,146] Trial 16 finished with value: 438.0 and parameters: {'initial_temp': 740.683488050628, 'cooling_rate': 0.9995481286636337, 'max_iter': 867300000, 'weight': 89.15008734314299, 'community': 38.783911626660384, 'diversity': 25.345106949924624, 'depth': 59.76711621390178, 'shortcut': 6247.42575734369, 'resolution': 2.9375421910952024}. Best is trial 14 with value: 442.0.
Trial 17 completed
Final loss: 224463.62664241422
Final temperature: 0.0009997514021379765
Number of iterations: 34416
Simulated annealing completed
[I 2025-03-12 20:20:29,481] Trial 17 finished with value: 431.0 and parameters: {'initial_temp': 362.4852397504123, 'cooling_rate': 0.9994754209786495, 'max_iter': 151500000, 'weight': 56.77786252221797, 'community': 45.993527927361114, 'diversity': 24.282722023203302, 'depth': 45.54052216255696, 'shortcut': 1782.6375509519767, 'resolution': 2.70447639749711}. Best is trial 14 with value: 442.0.
Trial 6 completed
Final loss: 247756.9493538071
Final temperature: 0.0009997587666910309
Number of iterations: 50122
Simulated annealing completed
[I 2025-03-12 20:20:53,841] Trial 6 finished with value: 440.0 and parameters: {'initial_temp': 360.5028418039621, 'cooling_rate': 0.9996798917004588, 'max_iter': 295000000, 'weight': 46.83961214347894, 'community': 29.589515047306175, 'diversity': 67.65464543616444, 'depth': 23.027420480227093, 'shortcut': 7355.914217156229, 'resolution': 0.9657471594442052}. Best is trial 14 with value: 442.0.
Trial 76 completed
Final loss: 216925.47397464543
Final temperature: 0.0009994834448691847
Number of iterations: 31425
Simulated annealing completed
[I 2025-03-12 20:21:44,752] Trial 76 finished with value: 429.0 and parameters: {'initial_temp': 300.8962343367706, 'cooling_rate': 0.9994236368691601, 'max_iter': 701300000, 'weight': 86.17461263401809, 'community': 72.96981515532741, 'diversity': 30.99193412446386, 'depth': 47.21430596403547, 'shortcut': 2130.337950558677, 'resolution': 0.5754730361529712}. Best is trial 14 with value: 442.0.
Trial 99 completed
Final loss: 561090.6908449249
Final temperature: 0.0009999057838213086
Number of iterations: 25035
Simulated annealing completed
[I 2025-03-12 20:21:47,084] Trial 99 finished with value: 430.0 and parameters: {'initial_temp': 472.8708056095808, 'cooling_rate': 0.9993108126152849, 'max_iter': 954500000, 'weight': 85.29501487267603, 'community': 1.4218029468926723, 'diversity': 95.475734374084, 'depth': 85.72356676415032, 'shortcut': 7210.9933321616, 'resolution': 3.8479302014389987}. Best is trial 14 with value: 442.0.
Trial 56 completed
Final loss: 265550.30346757825
Final temperature: 0.00099955645334678
Number of iterations: 31870
Simulated annealing completed
[I 2025-03-12 20:21:55,632] Trial 56 finished with value: 433.0 and parameters: {'initial_temp': 459.36718055663204, 'cooling_rate': 0.999461605177698, 'max_iter': 973600000, 'weight': 71.44745411178364, 'community': 42.29448522898344, 'diversity': 19.203119963422395, 'depth': 87.61072282095198, 'shortcut': 2392.2324744738517, 'resolution': 0.4836093768485934}. Best is trial 14 with value: 442.0.
Trial 74 completed
Final loss: 91502.31754563525
Final temperature: 0.0009999741937029019
Number of iterations: 61290
Simulated annealing completed
[I 2025-03-12 20:23:58,461] Trial 74 finished with value: 441.0 and parameters: {'initial_temp': 575.1129464930514, 'cooling_rate': 0.99973594989055, 'max_iter': 694700000, 'weight': 55.39962676542799, 'community': 39.632065869330056, 'diversity': 20.624578676231724, 'depth': 4.933056466750585, 'shortcut': 9045.873569395215, 'resolution': 2.972337018392494}. Best is trial 14 with value: 442.0.
Trial 12 completed
Final loss: 400484.167135549
Final temperature: 0.00099982774002966
Number of iterations: 42700
Simulated annealing completed
[I 2025-03-12 20:25:05,338] Trial 12 finished with value: 436.0 and parameters: {'initial_temp': 416.1610852072032, 'cooling_rate': 0.9995866592430304, 'max_iter': 45200000, 'weight': 56.06271523505086, 'community': 89.86924162996213, 'diversity': 42.10878905876106, 'depth': 77.9218826172595, 'shortcut': 3596.254557285709, 'resolution': 3.4063680607559084}. Best is trial 14 with value: 442.0.
Trial 91 completed
Final loss: 283366.13081650255
Final temperature: 0.0009999541244716038
Number of iterations: 21521
Simulated annealing completed
[I 2025-03-12 20:25:33,336] Trial 91 finished with value: 270.0 and parameters: {'initial_temp': 796.9086930697052, 'cooling_rate': 0.999120983166521, 'max_iter': 239500000, 'weight': 24.110685907630202, 'community': 46.84892568809064, 'diversity': 44.526586270864804, 'depth': 48.06532467682281, 'shortcut': 194.9089520764819, 'resolution': 2.240713117355314}. Best is trial 14 with value: 442.0.
Trial 44 completed
Final loss: 144265.4629299775
Final temperature: 0.0009998344378593183
Number of iterations: 36325
Simulated annealing completed
[I 2025-03-12 20:26:11,510] Trial 44 finished with value: 428.0 and parameters: {'initial_temp': 238.31395594054786, 'cooling_rate': 0.9995218975802016, 'max_iter': 660600000, 'weight': 17.756240721408624, 'community': 37.60087653944172, 'diversity': 33.36801699721438, 'depth': 33.41665056469841, 'shortcut': 732.7915192939746, 'resolution': 3.851323366544972}. Best is trial 14 with value: 442.0.
Trial 34 completed
Final loss: 349541.28342790215
Final temperature: 0.0009997437971440344
Number of iterations: 47861
Simulated annealing completed
[I 2025-03-12 20:29:32,492] Trial 34 finished with value: 433.0 and parameters: {'initial_temp': 755.4660201210884, 'cooling_rate': 0.9996339202894563, 'max_iter': 351100000, 'weight': 28.15786406644394, 'community': 85.57637317487202, 'diversity': 44.56131183141525, 'depth': 51.11771849908847, 'shortcut': 5161.630398621593, 'resolution': 4.989066733764341}. Best is trial 14 with value: 442.0.
Trial 28 completed
Final loss: 264553.02088423615
Final temperature: 0.0009997087207699565
Number of iterations: 34049
Simulated annealing completed
[I 2025-03-12 20:30:23,568] Trial 28 finished with value: 408.0 and parameters: {'initial_temp': 496.1734993759326, 'cooling_rate': 0.9994490562599562, 'max_iter': 333000000, 'weight': 30.06374103408151, 'community': 70.74198647372678, 'diversity': 80.54252846849926, 'depth': 67.29059041225311, 'shortcut': 553.7690159589399, 'resolution': 3.160464982840592}. Best is trial 14 with value: 442.0.
Trial 95 completed
Final loss: 478356.7157001317
Final temperature: 0.0009999467032051118
Number of iterations: 57676
Simulated annealing completed
[I 2025-03-12 20:31:28,739] Trial 95 finished with value: 437.0 and parameters: {'initial_temp': 817.1344435290579, 'cooling_rate': 0.9996929500997074, 'max_iter': 2300000, 'weight': 72.06143538131431, 'community': 91.40066367504576, 'diversity': 93.51736284842872, 'depth': 72.56320800957836, 'shortcut': 6300.5507784591855, 'resolution': 0.577830856478841}. Best is trial 14 with value: 442.0.
Trial 63 completed
Final loss: 290375.52001513675
Final temperature: 0.000999951608410352
Number of iterations: 51808
Simulated annealing completed
[I 2025-03-12 20:33:14,532] Trial 63 finished with value: 438.0 and parameters: {'initial_temp': 593.2692983246629, 'cooling_rate': 0.999647450698673, 'max_iter': 274200000, 'weight': 50.39122839602866, 'community': 71.38032766092088, 'diversity': 37.65579840649919, 'depth': 55.300146911053005, 'shortcut': 2348.2318573995376, 'resolution': 4.114524645569053}. Best is trial 14 with value: 442.0.
Trial 67 completed
Final loss: 472475.54404394364
Final temperature: 0.0009998941476866306
Number of iterations: 61503
Simulated annealing completed
[I 2025-03-12 20:33:57,551] Trial 67 finished with value: 436.0 and parameters: {'initial_temp': 290.51499961356194, 'cooling_rate': 0.9997332943435755, 'max_iter': 508900000, 'weight': 77.79750108000813, 'community': 89.00565681455966, 'diversity': 70.44045871717542, 'depth': 49.67042597682966, 'shortcut': 8050.5408240440665, 'resolution': 1.5191505582330138}. Best is trial 14 with value: 442.0.
Trial 7 completed
Final loss: 420537.29275672557
Final temperature: 0.0009999760070929994
Number of iterations: 49573
Simulated annealing completed
[I 2025-03-12 20:35:16,393] Trial 7 finished with value: 436.0 and parameters: {'initial_temp': 615.6445734230309, 'cooling_rate': 0.9996200274741883, 'max_iter': 811300000, 'weight': 30.641084939790304, 'community': 42.063534204880426, 'diversity': 1.5375362986782133, 'depth': 67.92704572325208, 'shortcut': 7582.061672740819, 'resolution': 1.6351495974141563}. Best is trial 14 with value: 442.0.
Trial 30 completed
Final loss: 228755.41522829968
Final temperature: 0.0009996592700468535
Number of iterations: 39774
Simulated annealing completed
[I 2025-03-12 20:36:52,738] Trial 30 finished with value: 418.0 and parameters: {'initial_temp': 414.66385192842597, 'cooling_rate': 0.9995617212496587, 'max_iter': 364800000, 'weight': 38.429803454916, 'community': 85.90082273077047, 'diversity': 13.304839987564339, 'depth': 49.907585098053815, 'shortcut': 592.2909477433498, 'resolution': 3.0549829719777803}. Best is trial 14 with value: 442.0.
Trial 4 completed
Final loss: 387743.25729278056
Final temperature: 0.000999988832331066
Number of iterations: 75468
Simulated annealing completed
[I 2025-03-12 20:37:49,752] Trial 4 finished with value: 433.0 and parameters: {'initial_temp': 364.88366617339784, 'cooling_rate': 0.9997868866654984, 'max_iter': 161000000, 'weight': 13.071580866942819, 'community': 90.80663296796823, 'diversity': 69.61349617667048, 'depth': 58.723693736676665, 'shortcut': 4698.413866225341, 'resolution': 1.4001635380283772}. Best is trial 14 with value: 442.0.
Trial 2 completed
Final loss: 375279.2802007027
Final temperature: 0.000999628215502927
Number of iterations: 36558
Simulated annealing completed
[I 2025-03-12 20:38:06,600] Trial 2 finished with value: 371.0 and parameters: {'initial_temp': 998.3878379611573, 'cooling_rate': 0.999522277101711, 'max_iter': 940100000, 'weight': 26.09876142781203, 'community': 11.979960336418845, 'diversity': 43.43747210272829, 'depth': 27.883938492358595, 'shortcut': 856.0808390721975, 'resolution': 4.9346139881486035}. Best is trial 14 with value: 442.0.
Trial 8 completed
Final loss: 319006.6131882435
Final temperature: 0.000999908720214588
Number of iterations: 77208
Simulated annealing completed
[I 2025-03-12 20:38:20,357] Trial 8 finished with value: 441.0 and parameters: {'initial_temp': 208.753795023978, 'cooling_rate': 0.9997960679163219, 'max_iter': 604100000, 'weight': 73.70985721668511, 'community': 34.495036701317225, 'diversity': 93.05627596601302, 'depth': 29.67481978230261, 'shortcut': 9791.968991286469, 'resolution': 3.516235200155946}. Best is trial 14 with value: 442.0.
Trial 73 completed
Final loss: 372266.1443775605
Final temperature: 0.0009998032779931004
Number of iterations: 78310
Simulated annealing completed
