[I 2025-03-12 20:40:11,975] Trial 73 finished with value: 438.0 and parameters: {'initial_temp': 268.4088635952213, 'cooling_rate': 0.9997916528672883, 'max_iter': 746600000, 'weight': 88.03034031009216, 'community': 49.22621894304654, 'diversity': 97.9793072043604, 'depth': 48.96736094423199, 'shortcut': 6794.1712662742175, 'resolution': 4.438705684960653}. Best is trial 14 with value: 442.0.
Trial 61 completed
Final loss: 384482.9359795184
Final temperature: 0.000999952747210015
Number of iterations: 61518
Simulated annealing completed
[I 2025-03-12 20:41:24,086] Trial 61 finished with value: 435.0 and parameters: {'initial_temp': 879.6672472026149, 'cooling_rate': 0.9997015916807288, 'max_iter': 572200000, 'weight': 45.89968981500246, 'community': 26.14989775837668, 'diversity': 11.02506914724476, 'depth': 76.97497650483767, 'shortcut': 4165.9259211415265, 'resolution': 3.790568526699816}. Best is trial 14 with value: 442.0.
Trial 79 completed
Final loss: 159885.93623486708
Final temperature: 0.00099998022163256
Number of iterations: 41059
Simulated annealing completed
[I 2025-03-12 20:42:44,183] Trial 79 finished with value: 418.0 and parameters: {'initial_temp': 389.48471165779375, 'cooling_rate': 0.9995616262020747, 'max_iter': 696100000, 'weight': 51.107983817194835, 'community': 8.535149161301216, 'diversity': 51.311585919890646, 'depth': 35.94797544775386, 'shortcut': 531.0001663399265, 'resolution': 2.395571137914213}. Best is trial 14 with value: 442.0.
Trial 58 completed
Final loss: 421454.8574914455
Final temperature: 0.000999923053711999
Number of iterations: 81015
Simulated annealing completed
[I 2025-03-12 20:43:16,296] Trial 58 finished with value: 436.0 and parameters: {'initial_temp': 269.88859020308126, 'cooling_rate': 0.9997972998223014, 'max_iter': 953200000, 'weight': 68.4004890085421, 'community': 31.714016886083336, 'diversity': 13.647927039624168, 'depth': 43.672926278735375, 'shortcut': 8929.626321532269, 'resolution': 0.945428666950308}. Best is trial 14 with value: 442.0.
Trial 65 completed
Final loss: 255308.09139238187
Final temperature: 0.0009999910547460176
Number of iterations: 93890
Simulated annealing completed
[I 2025-03-12 20:44:32,543] Trial 65 finished with value: 432.0 and parameters: {'initial_temp': 937.36395604238, 'cooling_rate': 0.9998177970250535, 'max_iter': 463100000, 'weight': 19.905569738461917, 'community': 77.47286110964627, 'diversity': 22.014705669652226, 'depth': 3.1656278181680815, 'shortcut': 1560.485549285057, 'resolution': 2.8797318695974576}. Best is trial 14 with value: 442.0.
Trial 20 completed
Final loss: 298331.72872800234
Final temperature: 0.0009999009301069409
Number of iterations: 84502
Simulated annealing completed
[I 2025-03-12 20:51:23,754] Trial 20 finished with value: 426.0 and parameters: {'initial_temp': 435.68068145203245, 'cooling_rate': 0.9997927362110941, 'max_iter': 372300000, 'weight': 28.453754916661286, 'community': 72.9377514793363, 'diversity': 7.998552535945094, 'depth': 69.11622631638164, 'shortcut': 2058.1554873775417, 'resolution': 4.8500875751899875}. Best is trial 14 with value: 442.0.
Trial 92 completed
Final loss: 560634.3550631988
Final temperature: 0.0009999336069462918
Number of iterations: 96554
Simulated annealing completed
[I 2025-03-12 20:52:28,761] Trial 92 finished with value: 428.0 and parameters: {'initial_temp': 771.2057085284187, 'cooling_rate': 0.9998117221267199, 'max_iter': 370800000, 'weight': 81.19631108274726, 'community': 95.04051884455362, 'diversity': 90.92683114668111, 'depth': 78.87325732824849, 'shortcut': 8288.987116645736, 'resolution': 3.393995943994243}. Best is trial 14 with value: 442.0.
Trial 69 completed
Final loss: 126398.12810885467
Final temperature: 0.0009999954519261224
Number of iterations: 140353
Simulated annealing completed
[I 2025-03-12 20:55:53,445] Trial 69 finished with value: 439.0 and parameters: {'initial_temp': 759.6543701661845, 'cooling_rate': 0.9998797327336086, 'max_iter': 665000000, 'weight': 3.358422027448545, 'community': 91.0544211431756, 'diversity': 12.222574462327525, 'depth': 11.510056569385261, 'shortcut': 8901.100504055428, 'resolution': 0.1330126622924599}. Best is trial 14 with value: 442.0.
Trial 33 completed
Final loss: 294348.62649245624
Final temperature: 0.0009998854376245861
Number of iterations: 91042
Simulated annealing completed
[I 2025-03-12 21:01:28,499] Trial 33 finished with value: 423.0 and parameters: {'initial_temp': 875.891877172036, 'cooling_rate': 0.9997868536011082, 'max_iter': 82500000, 'weight': 94.5669726696629, 'community': 75.54220110700304, 'diversity': 44.50483295921896, 'depth': 51.989565494822365, 'shortcut': 1498.9019367615517, 'resolution': 1.0969630271838844}. Best is trial 14 with value: 442.0.
Trial 53 completed
Final loss: 75342.04777534984
Final temperature: 0.0009998673536590055
Number of iterations: 55944
Simulated annealing completed
[I 2025-03-12 21:01:29,236] Trial 53 finished with value: 123.0 and parameters: {'initial_temp': 739.3445767210749, 'cooling_rate': 0.9996916012024885, 'max_iter': 87900000, 'weight': 56.64900411292475, 'community': 68.7875742369639, 'diversity': 84.87523905565732, 'depth': 23.820001224286344, 'shortcut': 8.54105999588431, 'resolution': 1.9546622750155351}. Best is trial 14 with value: 442.0.
Trial 50 completed
Final loss: 440850.27136715106
Final temperature: 0.00099988508513141
Number of iterations: 123868
Simulated annealing completed
[I 2025-03-12 21:03:10,650] Trial 50 finished with value: 431.0 and parameters: {'initial_temp': 805.8972783947373, 'cooling_rate': 0.9998542305151169, 'max_iter': 56400000, 'weight': 52.792459074375415, 'community': 80.76219060057967, 'diversity': 1.7060091800394463, 'depth': 74.60215353779114, 'shortcut': 4678.911934252232, 'resolution': 3.955689791982664}. Best is trial 14 with value: 442.0.
Trial 40 completed
Final loss: 303147.845518873
Final temperature: 0.0009999423197358936
Number of iterations: 108803
Simulated annealing completed
[I 2025-03-12 21:06:41,139] Trial 40 finished with value: 424.0 and parameters: {'initial_temp': 807.6351391090927, 'cooling_rate': 0.9998285870873908, 'max_iter': 785500000, 'weight': 68.92538502955554, 'community': 11.003718618429717, 'diversity': 94.60192144996964, 'depth': 90.05774110137779, 'shortcut': 1788.6904388442226, 'resolution': 2.4473255961023543}. Best is trial 14 with value: 442.0.
Trial 3 completed
Final loss: 163454.6101869073
Final temperature: 0.0009999305938985905
Number of iterations: 106706
Simulated annealing completed
[I 2025-03-12 21:07:13,213] Trial 3 finished with value: 424.0 and parameters: {'initial_temp': 188.47877970014045, 'cooling_rate': 0.9998501172344141, 'max_iter': 797300000, 'weight': 86.73047955533745, 'community': 72.41454836470183, 'diversity': 88.13118113577615, 'depth': 42.88396508585599, 'shortcut': 482.3144062053154, 'resolution': 4.996233033817336}. Best is trial 14 with value: 442.0.
Trial 1 completed
Final loss: 474970.0482598203
Final temperature: 0.0009999856723297749
Number of iterations: 174773
Simulated annealing completed
[I 2025-03-12 21:08:14,050] Trial 1 finished with value: 438.0 and parameters: {'initial_temp': 381.12426668597675, 'cooling_rate': 0.999906338970375, 'max_iter': 769200000, 'weight': 82.90384539089618, 'community': 80.10528942728385, 'diversity': 22.703035135597478, 'depth': 60.38954603714113, 'shortcut': 9892.201176445167, 'resolution': 4.893426965367228}. Best is trial 14 with value: 442.0.
Trial 10 completed
Final loss: 308043.6728477114
Final temperature: 0.000999888446761915
Number of iterations: 116539
Simulated annealing completed
[I 2025-03-12 21:09:16,737] Trial 10 finished with value: 422.0 and parameters: {'initial_temp': 785.7519333291746, 'cooling_rate': 0.9998393469262011, 'max_iter': 541300000, 'weight': 10.94803022316801, 'community': 41.27023578607582, 'diversity': 74.68758756791505, 'depth': 62.24763714362624, 'shortcut': 2426.7612624573944, 'resolution': 1.555809551339747}. Best is trial 14 with value: 442.0.
Trial 86 completed
Final loss: 189138.47448825103
Final temperature: 0.0009999873446051419
Number of iterations: 238893
Simulated annealing completed
[I 2025-03-12 21:15:15,758] Trial 86 finished with value: 439.0 and parameters: {'initial_temp': 354.35041667863914, 'cooling_rate': 0.9999317639046632, 'max_iter': 913600000, 'weight': 56.204506691196904, 'community': 91.66239972127788, 'diversity': 32.00627760912539, 'depth': 10.364087601502524, 'shortcut': 5772.583003119069, 'resolution': 4.296535216723701}. Best is trial 14 with value: 442.0.
Trial 22 completed
Final loss: 113204.57247829551
Final temperature: 0.0009999973671497597
Number of iterations: 254595
Simulated annealing completed
[I 2025-03-12 21:15:33,218] Trial 22 finished with value: 445.0 and parameters: {'initial_temp': 523.811288389372, 'cooling_rate': 0.9999354992912974, 'max_iter': 842000000, 'weight': 56.25534738366118, 'community': 52.79400466346663, 'diversity': 84.48145680096894, 'depth': 7.09164088043565, 'shortcut': 6385.938504572712, 'resolution': 1.824671241061498}. Best is trial 22 with value: 445.0.
Trial 77 completed
Final loss: 545759.4742226996
Final temperature: 0.0009999549552489183
Number of iterations: 269503
Simulated annealing completed
[I 2025-03-12 21:26:31,908] Trial 77 finished with value: 437.0 and parameters: {'initial_temp': 459.51431723957774, 'cooling_rate': 0.9999371083712146, 'max_iter': 735800000, 'weight': 21.698161493339576, 'community': 16.12822402833488, 'diversity': 56.23332257157836, 'depth': 77.27205873668615, 'shortcut': 8718.328938616542, 'resolution': 3.4835124225466294}. Best is trial 22 with value: 445.0.
Trial 96 completed
Final loss: 461188.6711787331
Final temperature: 0.0009999972961059675
Number of iterations: 357154
Simulated annealing completed
[I 2025-03-12 21:41:16,663] Trial 96 finished with value: 442.0 and parameters: {'initial_temp': 423.94501808454976, 'cooling_rate': 0.9999534817263919, 'max_iter': 56400000, 'weight': 65.72282624335445, 'community': 66.49129979080436, 'diversity': 75.02616307307198, 'depth': 73.4537760677888, 'shortcut': 9970.940158387179, 'resolution': 4.8752102472234125}. Best is trial 22 with value: 445.0.
Trial 85 completed
Final loss: 531342.5432557455
Final temperature: 0.0009999550841493683
Number of iterations: 289908
Simulated annealing completed
[I 2025-03-12 21:43:08,370] Trial 85 finished with value: 435.0 and parameters: {'initial_temp': 950.2350831963386, 'cooling_rate': 0.9999378113858007, 'max_iter': 638300000, 'weight': 80.45872060976008, 'community': 62.85662543098593, 'diversity': 29.177746395721215, 'depth': 88.4720618560952, 'shortcut': 8180.4144662882345, 'resolution': 4.868577775054169}. Best is trial 22 with value: 445.0.
Trial 82 completed
Final loss: 304691.13743109
Final temperature: 0.0009999830982040613
Number of iterations: 762572
Simulated annealing completed
[I 2025-03-12 21:47:47,767] Trial 82 finished with value: 441.0 and parameters: {'initial_temp': 198.86871351038388, 'cooling_rate': 0.9999788516215451, 'max_iter': 681000000, 'weight': 91.14510432444663, 'community': 62.49617817504051, 'diversity': 17.999702247332447, 'depth': 40.176113925899145, 'shortcut': 6465.870983337119, 'resolution': 3.921804832980927}. Best is trial 22 with value: 445.0.
Trial 90 completed
Final loss: 496067.15954756376
Final temperature: 0.00099998082291869
Number of iterations: 337841
Simulated annealing completed
[I 2025-03-12 21:49:11,881] Trial 90 finished with value: 434.0 and parameters: {'initial_temp': 955.921655892979, 'cooling_rate': 0.9999446654045137, 'max_iter': 813200000, 'weight': 67.95733090021875, 'community': 85.27906972727239, 'diversity': 30.02022447675761, 'depth': 81.05520111801903, 'shortcut': 9518.673661612786, 'resolution': 1.603633055564159}. Best is trial 22 with value: 445.0.
Trial 45 completed
Final loss: 262484.8916893531
Final temperature: 0.000999962187547816
Number of iterations: 411692
Simulated annealing completed
[I 2025-03-12 21:51:22,840] Trial 45 finished with value: 438.0 and parameters: {'initial_temp': 665.9498272966606, 'cooling_rate': 0.9999581910140655, 'max_iter': 34800000, 'weight': 29.90496830364897, 'community': 39.05673141171092, 'diversity': 80.69915293417812, 'depth': 36.12256052053526, 'shortcut': 5140.758602224229, 'resolution': 2.3417817819589986}. Best is trial 22 with value: 445.0.
Trial 59 completed
Final loss: 256010.5689948028
Final temperature: 0.0009999651737511842
Number of iterations: 411186
Simulated annealing completed
[I 2025-03-12 21:52:36,769] Trial 59 finished with value: 437.0 and parameters: {'initial_temp': 482.73597358334695, 'cooling_rate': 0.9999579206107335, 'max_iter': 733000000, 'weight': 7.360613517816468, 'community': 97.51645138615932, 'diversity': 82.53980591245161, 'depth': 44.27778468827159, 'shortcut': 2899.7096988613557, 'resolution': 4.053408388662338}. Best is trial 22 with value: 445.0.
Trial 51 completed
Final loss: 563043.3534197095
Final temperature: 0.0009999680177995875
Number of iterations: 415083
Simulated annealing completed
[I 2025-03-12 21:52:41,762] Trial 51 finished with value: 430.0 and parameters: {'initial_temp': 962.8888600916031, 'cooling_rate': 0.9999566800712191, 'max_iter': 11100000, 'weight': 34.07894551395006, 'community': 99.36196061832618, 'diversity': 20.95355434675498, 'depth': 83.73737849717466, 'shortcut': 9185.634807873304, 'resolution': 2.504714369464224}. Best is trial 22 with value: 445.0.
/home/avitals5/yolo_lab/hierarchy/src/scripts/optuna_tree_search.py:790: ExperimentalWarning: plot_param_importances is experimental (supported from v2.2.0). The interface can change in the future.
  optuna.visualization.matplotlib.plot_param_importances(study)
/home/avitals5/yolo_lab/hierarchy/src/scripts/optuna_tree_search.py:793: ExperimentalWarning: plot_optimization_history is experimental (supported from v2.2.0). The interface can change in the future.
  optuna.visualization.matplotlib.plot_optimization_history(study)
/home/avitals5/yolo_lab/hierarchy/src/scripts/optuna_tree_search.py:796: ExperimentalWarning: plot_parallel_coordinate is experimental (supported from v2.2.0). The interface can change in the future.
  optuna.visualization.matplotlib.plot_parallel_coordinate(study)
Optimization finished. Results saved.
